<?xml version="1.0" encoding="UTF-8"?>
<!-- Generated by org.testng.reporters.JUnitReportReporter -->
<testsuite hostname="DESKTOP-LQQ0QHQ" failures="0" tests="1" name="day7.Authentications" time="6.261" errors="0" timestamp="2023-04-12T23:30:22 IST" skipped="0">
  <testcase classname="day7.Authentications" name="testAPIKeyAuthentication" time="6.261"/>
  <system-out/>
</testsuite> <!-- day7.Authentications -->
