<?xml version="1.0" encoding="UTF-8"?>
<!-- Generated by org.testng.reporters.JUnitReportReporter -->
<testsuite hostname="DESKTOP-LQQ0QHQ" failures="0" tests="1" name="day1.twq" time="28.364" errors="0" timestamp="2023-05-04T20:39:55 IST" skipped="0">
  <testcase classname="day1.twq" name="test1" time="28.364"/>
  <system-out/>
</testsuite> <!-- day1.twq -->
